mode: set
github.com/San43zS/GraphQL-project/internal/scenarios/scenarios.go:24.40,28.2 1 1
github.com/San43zS/GraphQL-project/internal/scenarios/scenarios.go:30.93,31.21 1 1
github.com/San43zS/GraphQL-project/internal/scenarios/scenarios.go:31.21,33.3 1 1
github.com/San43zS/GraphQL-project/internal/scenarios/scenarios.go:35.2,36.16 2 1
github.com/San43zS/GraphQL-project/internal/scenarios/scenarios.go:36.16,38.3 1 0
github.com/San43zS/GraphQL-project/internal/scenarios/scenarios.go:39.2,39.21 1 1
github.com/San43zS/GraphQL-project/internal/scenarios/scenarios.go:42.70,43.57 1 0
github.com/San43zS/GraphQL-project/internal/scenarios/scenarios.go:43.57,45.3 1 0
github.com/San43zS/GraphQL-project/internal/scenarios/scenarios.go:47.2,47.12 1 0
